<?xml version="1.0" encoding="UTF-8"?>
<testng-results ignored="0" total="2" passed="2" failed="0" skipped="0">
  <reporter-output>
  </reporter-output>
  <suite started-at="2024-07-03T00:42:42 IST" name="Default suite" finished-at="2024-07-03T00:43:16 IST" duration-ms="33680">
    <groups>
    </groups>
    <test started-at="2024-07-03T00:42:42 IST" name="Default test" finished-at="2024-07-03T00:43:16 IST" duration-ms="33680">
      <class name="com.SwagLabs.Testcases.OverviewPageTest">
        <test-method is-config="true" signature="setUpBrowser()[pri:0, instance:com.SwagLabs.Testcases.OverviewPageTest@436813f3]" started-at="2024-07-03T00:42:42 IST" name="setUpBrowser" finished-at="2024-07-03T00:42:46 IST" duration-ms="4423" status="PASS">
          <reporter-output>
          </reporter-output>
        </test-method> <!-- setUpBrowser -->
        <test-method is-config="true" signature="pageSetUp()[pri:0, instance:com.SwagLabs.Testcases.OverviewPageTest@436813f3]" started-at="2024-07-03T00:42:46 IST" name="pageSetUp" finished-at="2024-07-03T00:43:10 IST" duration-ms="24094" status="PASS">
          <reporter-output>
          </reporter-output>
        </test-method> <!-- pageSetUp -->
        <test-method signature="verifySummary()[pri:1, instance:com.SwagLabs.Testcases.OverviewPageTest@436813f3]" started-at="2024-07-03T00:43:10 IST" name="verifySummary" finished-at="2024-07-03T00:43:13 IST" duration-ms="2326" status="PASS">
          <reporter-output>
          </reporter-output>
        </test-method> <!-- verifySummary -->
        <test-method signature="verifyOverview()[pri:2, instance:com.SwagLabs.Testcases.OverviewPageTest@436813f3]" started-at="2024-07-03T00:43:13 IST" name="verifyOverview" finished-at="2024-07-03T00:43:15 IST" duration-ms="2285" status="PASS">
          <reporter-output>
          </reporter-output>
        </test-method> <!-- verifyOverview -->
        <test-method is-config="true" signature="tearDown()[pri:0, instance:com.SwagLabs.Testcases.OverviewPageTest@436813f3]" started-at="2024-07-03T00:43:15 IST" name="tearDown" finished-at="2024-07-03T00:43:16 IST" duration-ms="493" status="PASS">
          <reporter-output>
          </reporter-output>
        </test-method> <!-- tearDown -->
      </class> <!-- com.SwagLabs.Testcases.OverviewPageTest -->
    </test> <!-- Default test -->
  </suite> <!-- Default suite -->
</testng-results>
